\BOOKMARK [0][]{Doc-Start}{\376\377\000B\000i\000b\000l\000i\000o\000g\000r\000a\000p\000h\000i\000e}{}% 1
\BOOKMARK [0][]{chapter*.1}{\376\377\000R\000e\000m\000e\000r\000c\000i\000e\000m\000e\000n\000t\000s}{}% 2
\BOOKMARK [0][]{chapter*.2}{\376\377\000R\000\351\000s\000u\000m\000\351}{}% 3
\BOOKMARK [0][]{chapter*.3}{\376\377\000A\000b\000s\000t\000r\000a\000c\000t}{}% 4
\BOOKMARK [0][]{chapter*.7}{\376\377\000I\000n\000t\000r\000o\000d\000u\000c\000t\000i\000o\000n\000\040\000G\000\351\000n\000\351\000r\000a\000l\000e}{}% 5
\BOOKMARK [0][]{chapter.1}{\376\377\000P\000r\000\351\000s\000e\000n\000t\000a\000t\000i\000o\000n\000\040\000d\000u\000\040\000c\000a\000d\000r\000e\000\040\000d\000e\000\040\000p\000r\000o\000j\000e\000t}{}% 6
\BOOKMARK [1][]{section*.8}{\376\377\0001\000-\000I\000n\000t\000r\000o\000d\000u\000c\000t\000i\000o\000n}{chapter.1}% 7
\BOOKMARK [2][]{section*.8}{\376\377\0001\000.\0001\000-\000C\000a\000d\000r\000e\000\040\000d\000u\000\040\000p\000r\000o\000j\000e\000t}{chapter.1}% 8
\BOOKMARK [2][]{section*.8}{\376\377\0001\000.\0002\000-\000O\000b\000j\000e\000c\000t\000i\000v\000e\000s}{chapter.1}% 9
\BOOKMARK [2][]{section*.8}{\376\377\0001\000.\0003\000-\000P\000r\000\351\000s\000e\000n\000t\000a\000t\000i\000o\000n\000\040\000d\000e\000\040\000c\000e\000n\000t\000r\000e\000\040\000d\000'\000a\000c\000c\000u\000e\000i\000l\000\040\000d\000e\000\040\000s\000t\000a\000g\000e}{chapter.1}% 10
\BOOKMARK [2][]{figure.caption.11}{\376\377\0001\000.\0004\000-\000C\000o\000n\000t\000e\000x\000t\000e\000\040\000g\000\351\000n\000\351\000r\000a\000l\000\040\000d\000u\000\040\000p\000r\000o\000j\000e\000t}{chapter.1}% 11
\BOOKMARK [2][]{figure.caption.11}{\376\377\0001\000.\0005\000-\000D\000e\000s\000c\000r\000i\000p\000t\000i\000o\000n\000\040\000d\000u\000\040\000D\000o\000m\000a\000i\000n\000e}{chapter.1}% 12
\BOOKMARK [1][]{figure.caption.11}{\376\377\0002\000.\000P\000r\000o\000b\000l\000\351\000m\000a\000t\000i\000q\000u\000e\000\040\000e\000t\000\040\000\351\000t\000u\000d\000e\000\040\000d\000e\000\040\000l\000'\000e\000x\000i\000s\000t\000e\000n\000c\000e}{chapter.1}% 13
\BOOKMARK [2][]{section*.12}{\376\377\0002\000.\0001\000\040\000P\000r\000o\000b\000l\000\351\000m\000a\000t\000i\000q\000u\000e}{figure.caption.11}% 14
\BOOKMARK [2][]{section*.12}{\376\377\0002\000.\0002\000\040\000E\000t\000u\000d\000e\000\040\000d\000e\000\040\000l\000'\000e\000x\000i\000s\000t\000e\000n\000c\000e}{figure.caption.11}% 15
\BOOKMARK [2][]{figure.caption.16}{\376\377\0002\000.\0003\000\040\000C\000r\000i\000t\000i\000q\000u\000e\000\040\000d\000e\000\040\000l\000'\000e\000x\000i\000s\000t\000e\000n\000c\000e}{figure.caption.11}% 16
\BOOKMARK [2][]{table.caption.17}{\376\377\0002\000.\0005\000\040\000S\000o\000l\000u\000t\000i\000o\000n\000\040\000p\000r\000o\000p\000o\000s\000\351\000e}{figure.caption.11}% 17
\BOOKMARK [1][]{table.caption.17}{\376\377\0003\000\040\000M\000\351\000t\000h\000o\000d\000o\000l\000o\000g\000i\000e\000\040\000d\000e\000\040\000G\000e\000s\000t\000i\000o\000n\000\040\000d\000e\000\040\000P\000r\000o\000j\000e\000t}{chapter.1}% 18
\BOOKMARK [2][]{section*.18}{\376\377\0003\000.\0001\000\040\000P\000r\000\351\000s\000e\000n\000t\000a\000t\000i\000o\000n\000\040\000d\000e\000s\000\040\000m\000\351\000t\000h\000o\000d\000o\000l\000o\000g\000i\000e\000s\000\040\000d\000e\000\040\000g\000e\000s\000t\000i\000o\000n\000\040\000d\000e\000\040\000p\000r\000o\000j\000e\000t}{table.caption.17}% 19
\BOOKMARK [2][]{section*.18}{\376\377\0003\000.\0002\000\040\000C\000h\000o\000i\000x\000\040\000d\000e\000\040\000l\000a\000\040\000m\000\351\000t\000h\000o\000d\000o\000l\000o\000g\000i\000e}{table.caption.17}% 20
\BOOKMARK [0][]{chapter.2}{\376\377\000A\000n\000a\000l\000y\000s\000e\000\040\000e\000t\000\040\000s\000p\000\351\000c\000i\000f\000i\000c\000a\000t\000i\000o\000n\000\040\000d\000e\000s\000\040\000e\000x\000i\000g\000e\000n\000c\000e\000s\000\040}{}% 21
\BOOKMARK [1][]{section*.22}{\376\377\000I\000n\000t\000r\000o\000d\000u\000c\000t\000i\000o\000n}{chapter.2}% 22
\BOOKMARK [1][]{section.2.1}{\376\377\000A\000n\000a\000l\000y\000s\000e\000\040\000e\000t\000\040\000s\000p\000\351\000c\000i\000f\000i\000c\000a\000t\000i\000o\000n\000\040\000d\000e\000s\000\040\000b\000e\000s\000o\000i\000n\000s}{chapter.2}% 23
\BOOKMARK [2][]{subsection.2.1.1}{\376\377\000D\000\351\000f\000i\000n\000i\000t\000i\000o\000n\000\040\000d\000'\000u\000n\000e\000\040\000S\000t\000a\000r\000t\000u\000p}{section.2.1}% 24
\BOOKMARK [2][]{subsection.2.1.2}{\376\377\000T\000y\000p\000e\000s\000\040\000d\000e\000\040\000S\000t\000a\000r\000t\000u\000p\000s}{section.2.1}% 25
\BOOKMARK [2][]{subsection.2.1.3}{\376\377\000C\000y\000c\000l\000e\000\040\000d\000e\000\040\000V\000i\000e\000\040\000d\000'\000u\000n\000e\000\040\000S\000t\000a\000r\000t\000u\000p}{section.2.1}% 26
\BOOKMARK [1][]{section.2.2}{\376\377\000B\000u\000s\000i\000n\000e\000s\000s\000\040\000M\000o\000d\000e\000l\000\040\000C\000a\000n\000v\000a\000s\000\040\000\050\000B\000M\000C\000\051}{chapter.2}% 27
\BOOKMARK [2][]{subsection.2.2.1}{\376\377\000P\000r\000\351\000s\000e\000n\000t\000a\000t\000i\000o\000n\000\040\000d\000u\000\040\000B\000M\000C}{section.2.2}% 28
\BOOKMARK [1][]{section.2.3}{\376\377\000L\000e\000a\000n\000\040\000C\000a\000n\000v\000a\000s}{chapter.2}% 29
\BOOKMARK [2][]{subsection.2.3.1}{\376\377\000P\000r\000\351\000s\000e\000n\000t\000a\000t\000i\000o\000n\000\040\000d\000u\000\040\000L\000e\000a\000n\000\040\000C\000a\000n\000v\000a\000s}{section.2.3}% 30
\BOOKMARK [2][]{subsection.2.3.2}{\376\377\000L\000e\000s\000\040\000B\000l\000o\000c\000s\000\040\000d\000u\000\040\000L\000e\000a\000n\000\040\000C\000a\000n\000v\000a\000s}{section.2.3}% 31
\BOOKMARK [1][]{section.2.4}{\376\377\000M\000\351\000t\000r\000i\000q\000u\000e\000s\000\040\000S\000t\000a\000r\000t\000u\000p}{chapter.2}% 32
\BOOKMARK [2][]{subsection.2.4.1}{\376\377\000I\000m\000p\000o\000r\000t\000a\000n\000c\000e\000\040\000d\000e\000s\000\040\000M\000\351\000t\000r\000i\000q\000u\000e\000s}{section.2.4}% 33
\BOOKMARK [2][]{subsection.2.4.2}{\376\377\000T\000y\000p\000e\000s\000\040\000d\000e\000\040\000M\000\351\000t\000r\000i\000q\000u\000e\000s}{section.2.4}% 34
\BOOKMARK [2][]{subsection.2.4.3}{\376\377\000F\000r\000a\000m\000e\000w\000o\000r\000k\000\040\000A\000A\000R\000R\000R\000\040\000\050\000P\000i\000r\000a\000t\000e\000\040\000M\000e\000t\000r\000i\000c\000s\000\051}{section.2.4}% 35
\BOOKMARK [1][]{section.2.5}{\376\377\000P\000l\000a\000t\000e\000f\000o\000r\000m\000e\000s\000\040\000e\000t\000\040\000O\000u\000t\000i\000l\000s}{chapter.2}% 36
\BOOKMARK [2][]{subsection.2.5.1}{\376\377\000O\000u\000t\000i\000l\000s\000\040\000d\000e\000\040\000G\000e\000s\000t\000i\000o\000n\000\040\000d\000e\000\040\000P\000r\000o\000j\000e\000t}{section.2.5}% 37
\BOOKMARK [2][]{subsection.2.5.2}{\376\377\000O\000u\000t\000i\000l\000s\000\040\000d\000'\000A\000n\000a\000l\000y\000s\000e\000\040\000e\000t\000\040\000d\000e\000\040\000D\000a\000s\000h\000b\000o\000a\000r\000d\000i\000n\000g}{section.2.5}% 38
\BOOKMARK [2][]{subsection.2.5.3}{\376\377\000T\000e\000c\000h\000n\000o\000l\000o\000g\000i\000e\000s\000\040\000d\000e\000\040\000D\000\351\000v\000e\000l\000o\000p\000p\000e\000m\000e\000n\000t}{section.2.5}% 39
\BOOKMARK [1][]{section.2.6}{\376\377\000M\000\351\000t\000h\000o\000d\000o\000l\000o\000g\000i\000e\000\040\000S\000C\000R\000U\000M}{chapter.2}% 40
\BOOKMARK [2][]{subsection.2.6.1}{\376\377\000P\000r\000\351\000s\000e\000n\000t\000a\000t\000i\000o\000n\000\040\000d\000e\000\040\000S\000C\000R\000U\000M}{section.2.6}% 41
\BOOKMARK [2][]{subsection.2.6.2}{\376\377\000R\000\364\000l\000e\000s\000\040\000S\000C\000R\000U\000M}{section.2.6}% 42
\BOOKMARK [2][]{subsection.2.6.3}{\376\377\000A\000r\000t\000e\000f\000a\000c\000t\000s\000\040\000S\000C\000R\000U\000M}{section.2.6}% 43
\BOOKMARK [2][]{subsection.2.6.4}{\376\377\000\311\000v\000\351\000n\000e\000m\000e\000n\000t\000s\000\040\000S\000C\000R\000U\000M}{section.2.6}% 44
\BOOKMARK [1][]{subsection.2.6.4}{\376\377\000C\000o\000n\000c\000l\000u\000s\000i\000o\000n}{chapter.2}% 45
\BOOKMARK [0][]{chapter.3}{\376\377\000\311\000t\000u\000d\000e\000\040\000E\000n\000t\000r\000e\000p\000r\000e\000n\000e\000u\000r\000i\000a\000l\000e\000\040\000e\000t\000\040\000R\000\351\000a\000l\000i\000s\000a\000t\000i\000o\000n}{}% 46
\BOOKMARK [1][]{section*.23}{\376\377\000I\000n\000t\000r\000o\000d\000u\000c\000t\000i\000o\000n}{chapter.3}% 47
\BOOKMARK [1][]{section.3.1}{\376\377\000P\000l\000a\000n\000i\000f\000i\000c\000a\000t\000i\000o\000n\000\040\000A\000g\000i\000l\000e\000\040\040\024\000\040\000S\000p\000r\000i\000n\000t\000s\000\040\000S\000C\000R\000U\000M}{chapter.3}% 48
\BOOKMARK [2][]{subsection.3.1.1}{\376\377\000P\000r\000o\000d\000u\000c\000t\000\040\000B\000a\000c\000k\000l\000o\000g}{section.3.1}% 49
\BOOKMARK [2][]{subsection.3.1.2}{\376\377\000S\000p\000r\000i\000n\000t\000\040\0001}{section.3.1}% 50
\BOOKMARK [2][]{subsection.3.1.3}{\376\377\000S\000p\000r\000i\000n\000t\000\040\0002}{section.3.1}% 51
\BOOKMARK [2][]{subsection.3.1.4}{\376\377\000S\000p\000r\000i\000n\000t\000\040\0003}{section.3.1}% 52
\BOOKMARK [1][]{section.3.2}{\376\377\000\311\000t\000u\000d\000e\000\040\000d\000e\000\040\000C\000a\000s\000\040\000:\000\040\000K\000o\000o\000r\000a\000T\000i\000m\000e}{chapter.3}% 53
\BOOKMARK [2][]{subsection.3.2.1}{\376\377\000P\000r\000\351\000s\000e\000n\000t\000a\000t\000i\000o\000n\000\040\000d\000e\000\040\000K\000o\000o\000r\000a\000T\000i\000m\000e}{section.3.2}% 54
\BOOKMARK [2][]{subsection.3.2.2}{\376\377\000B\000u\000s\000i\000n\000e\000s\000s\000\040\000M\000o\000d\000e\000l\000\040\000C\000a\000n\000v\000a\000s\000\040\040\024\000\040\000K\000o\000o\000r\000a\000T\000i\000m\000e}{section.3.2}% 55
\BOOKMARK [2][]{subsection.3.2.3}{\376\377\000L\000e\000a\000n\000\040\000C\000a\000n\000v\000a\000s\000\040\040\024\000\040\000K\000o\000o\000r\000a\000T\000i\000m\000e}{section.3.2}% 56
\BOOKMARK [2][]{subsection.3.2.4}{\376\377\000M\000\351\000t\000r\000i\000q\000u\000e\000s\000\040\040\024\000\040\000K\000o\000o\000r\000a\000T\000i\000m\000e}{section.3.2}% 57
\BOOKMARK [2][]{subsection.3.2.5}{\376\377\000T\000a\000b\000l\000e\000a\000u\000\040\000d\000e\000\040\000B\000o\000r\000d\000\040\040\024\000\040\000K\000o\000o\000r\000a\000T\000i\000m\000e}{section.3.2}% 58
\BOOKMARK [2][]{subsection.3.2.6}{\376\377\000A\000n\000a\000l\000y\000s\000e\000\040\000M\000a\000r\000k\000e\000t\000i\000n\000g\000\040\040\024\000\040\000K\000o\000o\000r\000a\000T\000i\000m\000e}{section.3.2}% 59
\BOOKMARK [1][]{section.3.3}{\376\377\000\311\000t\000u\000d\000e\000\040\000d\000e\000\040\000C\000a\000s\000\040\000:\000\040\000S\000t\000a\000r\000t\000u\000p\000s\000D\000j\000a\000g\000o\000r\000a\000.\000t\000n}{chapter.3}% 60
\BOOKMARK [2][]{subsection.3.3.1}{\376\377\000P\000r\000\351\000s\000e\000n\000t\000a\000t\000i\000o\000n\000\040\000d\000e\000\040\000S\000t\000a\000r\000t\000u\000p\000s\000D\000j\000a\000g\000o\000r\000a\000.\000t\000n}{section.3.3}% 61
\BOOKMARK [2][]{subsection.3.3.2}{\376\377\000B\000u\000s\000i\000n\000e\000s\000s\000\040\000M\000o\000d\000e\000l\000\040\000C\000a\000n\000v\000a\000s\000\040\040\024\000\040\000S\000t\000a\000r\000t\000u\000p\000s\000D\000j\000a\000g\000o\000r\000a\000.\000t\000n}{section.3.3}% 62
\BOOKMARK [2][]{subsection.3.3.3}{\376\377\000L\000e\000a\000n\000\040\000C\000a\000n\000v\000a\000s\000\040\040\024\000\040\000S\000t\000a\000r\000t\000u\000p\000s\000D\000j\000a\000g\000o\000r\000a\000.\000t\000n}{section.3.3}% 63
\BOOKMARK [2][]{subsection.3.3.4}{\376\377\000M\000\351\000t\000r\000i\000q\000u\000e\000s\000\040\040\024\000\040\000S\000t\000a\000r\000t\000u\000p\000s\000D\000j\000a\000g\000o\000r\000a\000.\000t\000n}{section.3.3}% 64
\BOOKMARK [2][]{subsection.3.3.5}{\376\377\000T\000a\000b\000l\000e\000a\000u\000\040\000d\000e\000\040\000B\000o\000r\000d\000\040\040\024\000\040\000S\000t\000a\000r\000t\000u\000p\000s\000D\000j\000a\000g\000o\000r\000a\000.\000t\000n}{section.3.3}% 65
\BOOKMARK [2][]{subsection.3.3.6}{\376\377\000A\000n\000a\000l\000y\000s\000e\000\040\000M\000a\000r\000k\000e\000t\000i\000n\000g\000\040\040\024\000\040\000S\000t\000a\000r\000t\000u\000p\000s\000D\000j\000a\000g\000o\000r\000a\000.\000t\000n}{section.3.3}% 66
\BOOKMARK [1][]{section.3.4}{\376\377\000\311\000t\000u\000d\000e\000\040\000d\000e\000\040\000C\000a\000s\000\040\000:\000\040\000R\000e\000c\000a\000p\000i\000f\000y}{chapter.3}% 67
\BOOKMARK [2][]{subsection.3.4.1}{\376\377\000P\000r\000\351\000s\000e\000n\000t\000a\000t\000i\000o\000n\000\040\000d\000e\000\040\000R\000e\000c\000a\000p\000i\000f\000y}{section.3.4}% 68
\BOOKMARK [2][]{subsection.3.4.2}{\376\377\000B\000u\000s\000i\000n\000e\000s\000s\000\040\000M\000o\000d\000e\000l\000\040\000C\000a\000n\000v\000a\000s\000\040\040\024\000\040\000R\000e\000c\000a\000p\000i\000f\000y}{section.3.4}% 69
\BOOKMARK [2][]{subsection.3.4.3}{\376\377\000L\000e\000a\000n\000\040\000C\000a\000n\000v\000a\000s\000\040\040\024\000\040\000R\000e\000c\000a\000p\000i\000f\000y}{section.3.4}% 70
\BOOKMARK [2][]{subsection.3.4.4}{\376\377\000M\000\351\000t\000r\000i\000q\000u\000e\000s\000\040\040\024\000\040\000R\000e\000c\000a\000p\000i\000f\000y}{section.3.4}% 71
\BOOKMARK [2][]{subsection.3.4.5}{\376\377\000T\000a\000b\000l\000e\000a\000u\000\040\000d\000e\000\040\000B\000o\000r\000d\000\040\040\024\000\040\000R\000e\000c\000a\000p\000i\000f\000y}{section.3.4}% 72
\BOOKMARK [2][]{subsection.3.4.6}{\376\377\000A\000n\000a\000l\000y\000s\000e\000\040\000M\000a\000r\000k\000e\000t\000i\000n\000g\000\040\040\024\000\040\000R\000e\000c\000a\000p\000i\000f\000y}{section.3.4}% 73
\BOOKMARK [1][]{section.3.5}{\376\377\000A\000n\000a\000l\000y\000s\000e\000\040\000C\000o\000m\000p\000a\000r\000a\000t\000i\000v\000e}{chapter.3}% 74
\BOOKMARK [1][]{table.caption.34}{\376\377\000C\000o\000n\000c\000l\000u\000s\000i\000o\000n}{chapter.3}% 75
\BOOKMARK [0][]{chapter*.35}{\376\377\000C\000o\000n\000c\000l\000u\000s\000i\000o\000n\000\040\000G\000\351\000n\000\351\000r\000a\000l\000e}{}% 76
\BOOKMARK [0][]{appendix.A}{\376\377\000D\000o\000c\000u\000m\000e\000n\000t\000s\000\040\000C\000o\000m\000p\000l\000\351\000m\000e\000n\000t\000a\000i\000r\000e\000s}{}% 77
\BOOKMARK [1][]{section.A.1}{\376\377\000C\000a\000h\000i\000e\000r\000\040\000d\000e\000s\000\040\000C\000h\000a\000r\000g\000e\000s}{appendix.A}% 78
\BOOKMARK [1][]{section.A.2}{\376\377\000Q\000u\000e\000s\000t\000i\000o\000n\000n\000a\000i\000r\000e\000s\000\040\000e\000t\000\040\000S\000o\000n\000d\000a\000g\000e\000s}{appendix.A}% 79
\BOOKMARK [1][]{section.A.3}{\376\377\000C\000a\000p\000t\000u\000r\000e\000s\000\040\000d\000'\000\311\000c\000r\000a\000n\000\040\000S\000u\000p\000p\000l\000\351\000m\000e\000n\000t\000a\000i\000r\000e\000s}{appendix.A}% 80
\BOOKMARK [0][]{appendix.B}{\376\377\000D\000o\000c\000u\000m\000e\000n\000t\000a\000t\000i\000o\000n\000\040\000T\000e\000c\000h\000n\000i\000q\000u\000e}{}% 81
\BOOKMARK [1][]{section.B.1}{\376\377\000A\000r\000c\000h\000i\000t\000e\000c\000t\000u\000r\000e\000\040\000T\000e\000c\000h\000n\000i\000q\000u\000e}{appendix.B}% 82
\BOOKMARK [1][]{section.B.2}{\376\377\000D\000i\000a\000g\000r\000a\000m\000m\000e\000s\000\040\000U\000M\000L}{appendix.B}% 83
\BOOKMARK [1][]{section.B.3}{\376\377\000E\000x\000t\000r\000a\000i\000t\000s\000\040\000d\000e\000\040\000C\000o\000d\000e}{appendix.B}% 84
\BOOKMARK [1][]{section.B.4}{\376\377\000G\000u\000i\000d\000e\000\040\000d\000'\000I\000n\000s\000t\000a\000l\000l\000a\000t\000i\000o\000n}{appendix.B}% 85
\BOOKMARK [0][]{appendix*.38}{\376\377\000B\000i\000b\000l\000i\000o\000g\000r\000a\000p\000h\000i\000e}{}% 86
